2023-06-12 11:49:14 [main] WARN  c.n.c.s.URLConfigurationSource - No URLs will be polled as dynamic configuration sources.
2023-06-12 11:49:14 [main] WARN  c.n.c.s.URLConfigurationSource - No URLs will be polled as dynamic configuration sources.
2023-06-12 11:49:25 [main] WARN  o.s.b.w.s.c.AnnotationConfigServletWebServerApplicationContext - Exception encountered during context initialization - cancelling refresh attempt: org.springframework.context.ApplicationContextException: Failed to start bean 'webServerStartStop'; nested exception is java.lang.reflect.UndeclaredThrowableException
2023-06-12 11:49:25 [Thread-18] WARN  c.a.n.c.n.NotifyCenter - [NotifyCenter] Start destroying Publisher
2023-06-12 11:49:25 [Thread-21] WARN  c.a.n.c.h.HttpClientBeanHolder - [HttpClientBeanHolder] Start destroying common HttpClient
2023-06-12 11:49:25 [Thread-18] WARN  c.a.n.c.n.NotifyCenter - [NotifyCenter] Destruction of the end
2023-06-12 11:49:25 [Thread-21] WARN  c.a.n.c.h.HttpClientBeanHolder - [HttpClientBeanHolder] Destruction of the end
2023-06-12 11:53:27 [main] WARN  c.n.c.s.URLConfigurationSource - No URLs will be polled as dynamic configuration sources.
2023-06-12 11:53:27 [main] WARN  c.n.c.s.URLConfigurationSource - No URLs will be polled as dynamic configuration sources.
2023-06-12 12:23:41 [http-nio-8000-exec-1] WARN  o.s.w.s.m.s.DefaultHandlerExceptionResolver - Resolved [org.springframework.web.HttpMediaTypeNotSupportedException: Content type 'text/plain;charset=UTF-8' not supported]
2023-06-12 13:39:16 [http-nio-8000-exec-5] WARN  o.postgresql.Driver - JDBC URL contains too many / characters: jdbc:postgresql://localhost:5432/postgres/micro
2023-06-12 13:39:20 [http-nio-8000-exec-9] WARN  o.s.w.s.m.s.DefaultHandlerExceptionResolver - Resolved [org.springframework.web.HttpMediaTypeNotSupportedException: Content type 'text/plain;charset=UTF-8' not supported]
2023-06-12 13:39:47 [http-nio-8000-exec-3] WARN  o.s.w.s.m.s.DefaultHandlerExceptionResolver - Resolved [org.springframework.web.HttpMediaTypeNotSupportedException: Content type 'text/plain;charset=UTF-8' not supported]
2023-06-12 13:39:55 [http-nio-8000-exec-6] WARN  o.postgresql.Driver - JDBC URL contains too many / characters: jdbc:postgresql://localhost:5432/postgres/micro
2023-06-12 13:45:21 [http-nio-8000-exec-8] WARN  o.postgresql.Driver - JDBC URL contains too many / characters: jdbc:postgresql://localhost:5432/postgres/micro
2023-06-12 13:46:02 [Thread-21] WARN  c.a.n.c.h.HttpClientBeanHolder - [HttpClientBeanHolder] Start destroying common HttpClient
2023-06-12 13:46:02 [Thread-18] WARN  c.a.n.c.n.NotifyCenter - [NotifyCenter] Start destroying Publisher
2023-06-12 13:46:02 [Thread-18] WARN  c.a.n.c.n.NotifyCenter - [NotifyCenter] Destruction of the end
2023-06-12 13:46:02 [Thread-21] WARN  c.a.n.c.h.HttpClientBeanHolder - [HttpClientBeanHolder] Destruction of the end
2023-06-12 13:46:50 [main] WARN  c.n.c.s.URLConfigurationSource - No URLs will be polled as dynamic configuration sources.
2023-06-12 13:46:50 [main] WARN  c.n.c.s.URLConfigurationSource - No URLs will be polled as dynamic configuration sources.
2023-06-12 13:47:25 [http-nio-8000-exec-1] WARN  o.s.w.s.m.s.DefaultHandlerExceptionResolver - Resolved [org.springframework.http.converter.HttpMessageNotReadableException: Required request body is missing: public com.example.BaseResponse<java.lang.Long> com.example.user.controller.UserController.userRegister(com.example.user.domain.User)]
2023-06-12 13:47:59 [Thread-58] WARN  c.a.n.c.h.HttpClientBeanHolder - [HttpClientBeanHolder] Start destroying common HttpClient
2023-06-12 13:47:59 [Thread-55] WARN  c.a.n.c.n.NotifyCenter - [NotifyCenter] Start destroying Publisher
2023-06-12 13:47:59 [Thread-55] WARN  c.a.n.c.n.NotifyCenter - [NotifyCenter] Destruction of the end
2023-06-12 13:47:59 [Thread-58] WARN  c.a.n.c.h.HttpClientBeanHolder - [HttpClientBeanHolder] Destruction of the end
2023-06-12 13:48:18 [main] WARN  c.n.c.s.URLConfigurationSource - No URLs will be polled as dynamic configuration sources.
2023-06-12 13:48:18 [main] WARN  c.n.c.s.URLConfigurationSource - No URLs will be polled as dynamic configuration sources.
2023-06-12 13:51:26 [http-nio-8000-exec-3] WARN  o.postgresql.Driver - JDBC URL contains too many / characters: jdbc:postgresql://localhost:5432/postgres/micro
2023-06-12 13:51:37 [Thread-47] WARN  c.a.n.c.n.NotifyCenter - [NotifyCenter] Start destroying Publisher
2023-06-12 13:51:37 [Thread-50] WARN  c.a.n.c.h.HttpClientBeanHolder - [HttpClientBeanHolder] Start destroying common HttpClient
2023-06-12 13:51:37 [Thread-47] WARN  c.a.n.c.n.NotifyCenter - [NotifyCenter] Destruction of the end
2023-06-12 13:51:37 [Thread-50] WARN  c.a.n.c.h.HttpClientBeanHolder - [HttpClientBeanHolder] Destruction of the end
2023-06-12 13:51:57 [main] WARN  c.n.c.s.URLConfigurationSource - No URLs will be polled as dynamic configuration sources.
2023-06-12 13:51:57 [main] WARN  c.n.c.s.URLConfigurationSource - No URLs will be polled as dynamic configuration sources.
2023-06-12 13:55:58 [http-nio-8000-exec-1] WARN  o.postgresql.Driver - JDBC URL contains too many / characters: jdbc:postgresql://localhost:5432/postgres/micro
2023-06-12 14:07:54 [Thread-51] WARN  c.a.n.c.h.HttpClientBeanHolder - [HttpClientBeanHolder] Start destroying common HttpClient
2023-06-12 14:07:54 [Thread-48] WARN  c.a.n.c.n.NotifyCenter - [NotifyCenter] Start destroying Publisher
2023-06-12 14:07:54 [Thread-48] WARN  c.a.n.c.n.NotifyCenter - [NotifyCenter] Destruction of the end
2023-06-12 14:07:54 [Thread-51] WARN  c.a.n.c.h.HttpClientBeanHolder - [HttpClientBeanHolder] Destruction of the end
2023-06-12 14:08:03 [main] WARN  o.s.b.w.s.c.AnnotationConfigServletWebServerApplicationContext - Exception encountered during context initialization - cancelling refresh attempt: org.springframework.beans.factory.BeanCreationException: Error creating bean with name 'userController': Injection of resource dependencies failed; nested exception is org.springframework.beans.factory.BeanCreationException: Error creating bean with name 'userServiceImpl': Injection of resource dependencies failed; nested exception is org.springframework.beans.factory.UnsatisfiedDependencyException: Error creating bean with name 'userMapper' defined in file [C:\Users\Administrator\IdeaProjects\spring-cloud-micro\micro-user-service\target\classes\com\example\user\mapper\UserMapper.class]: Unsatisfied dependency expressed through bean property 'sqlSessionFactory'; nested exception is org.springframework.beans.factory.UnsatisfiedDependencyException: Error creating bean with name 'sqlSessionFactory' defined in class path resource [com/baomidou/mybatisplus/autoconfigure/MybatisPlusAutoConfiguration.class]: Unsatisfied dependency expressed through method 'sqlSessionFactory' parameter 0; nested exception is org.springframework.beans.factory.BeanCreationException: Error creating bean with name 'dataSource' defined in class path resource [org/springframework/boot/autoconfigure/jdbc/DataSourceConfiguration$Hikari.class]: Initialization of bean failed; nested exception is org.springframework.beans.factory.BeanCreationException: Error creating bean with name 'org.springframework.boot.autoconfigure.jdbc.DataSourceInitializerInvoker': Invocation of init method failed; nested exception is org.springframework.boot.context.properties.source.InvalidConfigurationPropertyValueException: Property spring.datasource.schema with value 'ServletContext resource [/micro_service]' is invalid: No resources were found at location 'micro_service'.
2023-06-12 14:11:51 [main] WARN  c.n.c.s.URLConfigurationSource - No URLs will be polled as dynamic configuration sources.
2023-06-12 14:11:51 [main] WARN  c.n.c.s.URLConfigurationSource - No URLs will be polled as dynamic configuration sources.
2023-06-12 14:12:26 [http-nio-8000-exec-1] WARN  o.postgresql.Driver - JDBC URL contains too many / characters: jdbc:postgresql://localhost:5432/postgres/micro
2023-06-12 14:12:28 [http-nio-8000-exec-2] WARN  o.postgresql.Driver - JDBC URL contains too many / characters: jdbc:postgresql://localhost:5432/postgres/micro
2023-06-12 14:12:29 [http-nio-8000-exec-5] WARN  o.postgresql.Driver - JDBC URL contains too many / characters: jdbc:postgresql://localhost:5432/postgres/micro
2023-06-12 14:26:17 [Thread-16] WARN  c.a.n.c.h.HttpClientBeanHolder - [HttpClientBeanHolder] Start destroying common HttpClient
2023-06-12 14:26:17 [Thread-13] WARN  c.a.n.c.n.NotifyCenter - [NotifyCenter] Start destroying Publisher
2023-06-12 14:26:17 [Thread-13] WARN  c.a.n.c.n.NotifyCenter - [NotifyCenter] Destruction of the end
2023-06-12 14:26:17 [Thread-16] WARN  c.a.n.c.h.HttpClientBeanHolder - [HttpClientBeanHolder] Destruction of the end
2023-06-12 14:26:26 [main] WARN  c.n.c.s.URLConfigurationSource - No URLs will be polled as dynamic configuration sources.
2023-06-12 14:26:26 [main] WARN  c.n.c.s.URLConfigurationSource - No URLs will be polled as dynamic configuration sources.
2023-06-12 14:27:01 [Thread-15] WARN  c.a.n.c.h.HttpClientBeanHolder - [HttpClientBeanHolder] Start destroying common HttpClient
2023-06-12 14:27:01 [Thread-12] WARN  c.a.n.c.n.NotifyCenter - [NotifyCenter] Start destroying Publisher
2023-06-12 14:27:01 [Thread-12] WARN  c.a.n.c.n.NotifyCenter - [NotifyCenter] Destruction of the end
2023-06-12 14:27:01 [Thread-15] WARN  c.a.n.c.h.HttpClientBeanHolder - [HttpClientBeanHolder] Destruction of the end
2023-06-12 14:27:08 [main] WARN  c.n.c.s.URLConfigurationSource - No URLs will be polled as dynamic configuration sources.
2023-06-12 14:27:08 [main] WARN  c.n.c.s.URLConfigurationSource - No URLs will be polled as dynamic configuration sources.
2023-06-12 14:28:33 [Thread-13] WARN  c.a.n.c.n.NotifyCenter - [NotifyCenter] Start destroying Publisher
2023-06-12 14:28:33 [Thread-16] WARN  c.a.n.c.h.HttpClientBeanHolder - [HttpClientBeanHolder] Start destroying common HttpClient
2023-06-12 14:28:33 [Thread-13] WARN  c.a.n.c.n.NotifyCenter - [NotifyCenter] Destruction of the end
2023-06-12 14:28:33 [Thread-16] WARN  c.a.n.c.h.HttpClientBeanHolder - [HttpClientBeanHolder] Destruction of the end
2023-06-12 14:28:37 [main] WARN  c.n.c.s.URLConfigurationSource - No URLs will be polled as dynamic configuration sources.
2023-06-12 14:28:37 [main] WARN  c.n.c.s.URLConfigurationSource - No URLs will be polled as dynamic configuration sources.
2023-06-12 14:29:06 [Thread-13] WARN  c.a.n.c.n.NotifyCenter - [NotifyCenter] Start destroying Publisher
2023-06-12 14:29:06 [Thread-16] WARN  c.a.n.c.h.HttpClientBeanHolder - [HttpClientBeanHolder] Start destroying common HttpClient
2023-06-12 14:29:06 [Thread-13] WARN  c.a.n.c.n.NotifyCenter - [NotifyCenter] Destruction of the end
2023-06-12 14:29:06 [Thread-16] WARN  c.a.n.c.h.HttpClientBeanHolder - [HttpClientBeanHolder] Destruction of the end
2023-06-12 14:29:10 [main] WARN  c.n.c.s.URLConfigurationSource - No URLs will be polled as dynamic configuration sources.
2023-06-12 14:29:10 [main] WARN  c.n.c.s.URLConfigurationSource - No URLs will be polled as dynamic configuration sources.
2023-06-12 14:29:44 [Thread-13] WARN  c.a.n.c.n.NotifyCenter - [NotifyCenter] Start destroying Publisher
2023-06-12 14:29:44 [Thread-13] WARN  c.a.n.c.n.NotifyCenter - [NotifyCenter] Destruction of the end
2023-06-12 14:29:44 [Thread-16] WARN  c.a.n.c.h.HttpClientBeanHolder - [HttpClientBeanHolder] Start destroying common HttpClient
2023-06-12 14:29:44 [Thread-16] WARN  c.a.n.c.h.HttpClientBeanHolder - [HttpClientBeanHolder] Destruction of the end
2023-06-12 14:29:49 [main] WARN  c.n.c.s.URLConfigurationSource - No URLs will be polled as dynamic configuration sources.
2023-06-12 14:29:49 [main] WARN  c.n.c.s.URLConfigurationSource - No URLs will be polled as dynamic configuration sources.
2023-06-12 14:34:58 [Thread-13] WARN  c.a.n.c.n.NotifyCenter - [NotifyCenter] Start destroying Publisher
2023-06-12 14:34:58 [Thread-16] WARN  c.a.n.c.h.HttpClientBeanHolder - [HttpClientBeanHolder] Start destroying common HttpClient
2023-06-12 14:34:58 [Thread-13] WARN  c.a.n.c.n.NotifyCenter - [NotifyCenter] Destruction of the end
2023-06-12 14:34:58 [Thread-16] WARN  c.a.n.c.h.HttpClientBeanHolder - [HttpClientBeanHolder] Destruction of the end
2023-06-12 14:35:03 [main] WARN  c.n.c.s.URLConfigurationSource - No URLs will be polled as dynamic configuration sources.
2023-06-12 14:35:03 [main] WARN  c.n.c.s.URLConfigurationSource - No URLs will be polled as dynamic configuration sources.
2023-06-12 14:36:01 [Thread-13] WARN  c.a.n.c.n.NotifyCenter - [NotifyCenter] Start destroying Publisher
2023-06-12 14:36:01 [Thread-16] WARN  c.a.n.c.h.HttpClientBeanHolder - [HttpClientBeanHolder] Start destroying common HttpClient
2023-06-12 14:36:01 [Thread-13] WARN  c.a.n.c.n.NotifyCenter - [NotifyCenter] Destruction of the end
2023-06-12 14:36:01 [Thread-16] WARN  c.a.n.c.h.HttpClientBeanHolder - [HttpClientBeanHolder] Destruction of the end
2023-06-12 14:36:05 [main] WARN  c.n.c.s.URLConfigurationSource - No URLs will be polled as dynamic configuration sources.
2023-06-12 14:36:05 [main] WARN  c.n.c.s.URLConfigurationSource - No URLs will be polled as dynamic configuration sources.
2023-06-12 14:38:29 [Thread-16] WARN  c.a.n.c.h.HttpClientBeanHolder - [HttpClientBeanHolder] Start destroying common HttpClient
2023-06-12 14:38:29 [Thread-16] WARN  c.a.n.c.h.HttpClientBeanHolder - [HttpClientBeanHolder] Destruction of the end
2023-06-12 14:38:29 [Thread-13] WARN  c.a.n.c.n.NotifyCenter - [NotifyCenter] Start destroying Publisher
2023-06-12 14:38:29 [Thread-13] WARN  c.a.n.c.n.NotifyCenter - [NotifyCenter] Destruction of the end
2023-06-12 14:38:36 [main] WARN  c.n.c.s.URLConfigurationSource - No URLs will be polled as dynamic configuration sources.
2023-06-12 14:38:36 [main] WARN  c.n.c.s.URLConfigurationSource - No URLs will be polled as dynamic configuration sources.
2023-06-12 14:40:21 [Thread-13] WARN  c.a.n.c.n.NotifyCenter - [NotifyCenter] Start destroying Publisher
2023-06-12 14:40:21 [Thread-16] WARN  c.a.n.c.h.HttpClientBeanHolder - [HttpClientBeanHolder] Start destroying common HttpClient
2023-06-12 14:40:21 [Thread-13] WARN  c.a.n.c.n.NotifyCenter - [NotifyCenter] Destruction of the end
2023-06-12 14:40:21 [Thread-16] WARN  c.a.n.c.h.HttpClientBeanHolder - [HttpClientBeanHolder] Destruction of the end
2023-06-12 14:40:28 [main] WARN  c.n.c.s.URLConfigurationSource - No URLs will be polled as dynamic configuration sources.
2023-06-12 14:40:28 [main] WARN  c.n.c.s.URLConfigurationSource - No URLs will be polled as dynamic configuration sources.
2023-06-12 15:45:42 [Thread-13] WARN  c.a.n.c.n.NotifyCenter - [NotifyCenter] Start destroying Publisher
2023-06-12 15:45:42 [Thread-16] WARN  c.a.n.c.h.HttpClientBeanHolder - [HttpClientBeanHolder] Start destroying common HttpClient
2023-06-12 15:45:42 [Thread-13] WARN  c.a.n.c.n.NotifyCenter - [NotifyCenter] Destruction of the end
2023-06-12 15:45:42 [Thread-16] WARN  c.a.n.c.h.HttpClientBeanHolder - [HttpClientBeanHolder] Destruction of the end
2023-06-12 15:45:57 [main] WARN  c.n.c.s.URLConfigurationSource - No URLs will be polled as dynamic configuration sources.
2023-06-12 15:45:57 [main] WARN  c.n.c.s.URLConfigurationSource - No URLs will be polled as dynamic configuration sources.
2023-06-12 15:46:38 [http-nio-8000-exec-1] WARN  o.s.w.s.m.s.DefaultHandlerExceptionResolver - Resolved [org.springframework.web.HttpRequestMethodNotSupportedException: Request method 'GET' not supported]
